<?xml version="1.0" encoding="UTF-8"?>
<testsuite name="org.ait.phonebook.HomePageTests" tests="1" skipped="0" failures="0" errors="0" timestamp="2023-09-10T19:31:53" hostname="DESKTOP-OS617JJ" time="0.031">
  <properties/>
  <testcase name="isHomeComponentPresentTest" classname="org.ait.phonebook.HomePageTests" time="0.031"/>
  <system-out><![CDATA[21:31:43.491 [Test worker] INFO  org.ait.phonebook.TestBase -- Start test
21:31:53.743 [Test worker] INFO  org.ait.phonebook.TestBase -- Stop test
]]></system-out>
  <system-err><![CDATA[]]></system-err>
</testsuite>
